<?xml version="1.0" encoding="UTF-8"?>
<!-- Generated by org.testng.reporters.JUnitReportReporter -->
<testsuite skipped="0" hostname="nooslvdi002409" name="dockerProject.DockerwithChrome3" tests="1" failures="0" timestamp="2020-05-17T14:08:49 IST" time="10.808" errors="0">
  <testcase name="test3" time="10.808" classname="dockerProject.DockerwithChrome3"/>
  <system-out/>
</testsuite> <!-- dockerProject.DockerwithChrome3 -->
