<?xml version="1.0" encoding="UTF-8"?>
<!-- Generated by org.testng.reporters.JUnitReportReporter -->
<testsuite skipped="0" hostname="nooslvdi002409" name="dockerProject.DockerwithChrome2" tests="1" failures="0" timestamp="2020-05-17T14:08:49 IST" time="13.713" errors="0">
  <testcase name="test2" time="13.713" classname="dockerProject.DockerwithChrome2"/>
  <system-out/>
</testsuite> <!-- dockerProject.DockerwithChrome2 -->
