<?xml version="1.0" encoding="UTF-8"?>
<!-- Generated by org.testng.reporters.JUnitReportReporter -->
<testsuite skipped="0" hostname="nooslvdi002409" name="dockerProject.DockerwithChrome1" tests="1" failures="0" timestamp="2020-06-12T13:26:35 IST" time="7.726" errors="0">
  <testcase name="test1" time="7.726" classname="dockerProject.DockerwithChrome1"/>
  <system-out/>
</testsuite> <!-- dockerProject.DockerwithChrome1 -->
