<?xml version="1.0" encoding="UTF-8"?>
<!-- Generated by org.testng.reporters.JUnitReportReporter -->
<testsuite skipped="0" hostname="nooslvdi002409" name="dockerProject.DockerwithFirefox" tests="1" failures="0" timestamp="2020-06-12T13:26:35 IST" time="20.291" errors="0">
  <testcase name="test3" time="20.291" classname="dockerProject.DockerwithFirefox"/>
  <system-out/>
</testsuite> <!-- dockerProject.DockerwithFirefox -->
